#
# There is insufficient memory for the Java Runtime Environment to continue.
# Native memory allocation (malloc) failed to allocate 1770256 bytes for Chunk::new
# Possible reasons:
#   The system is out of physical RAM or swap space
#   The process is running with CompressedOops enabled, and the Java Heap may be blocking the growth of the native heap
# Possible solutions:
#   Reduce memory load on the system
#   Increase physical memory or swap space
#   Check if swap backing store is full
#   Decrease Java heap size (-Xmx/-Xms)
#   Decrease number of Java threads
#   Decrease Java thread stack sizes (-Xss)
#   Set larger code cache with -XX:ReservedCodeCacheSize=
#   JVM is running with Zero Based Compressed Oops mode in which the Java heap is
#     placed in the first 32GB address space. The Java Heap base address is the
#     maximum limit for the native heap growth. Please use -XX:HeapBaseMinAddress
#     to set the Java Heap base and to place the Java Heap above 32GB virtual address.
# This output file may be truncated or incomplete.
#
#  Out of Memory Error (./src/hotspot/share/memory/arena.cpp:197), pid=12292, tid=11964
#
# JRE version: OpenJDK Runtime Environment Corretto-11.0.16.8.1 (11.0.16+8) (build 11.0.16+8-LTS)
# Java VM: OpenJDK 64-Bit Server VM Corretto-11.0.16.8.1 (11.0.16+8-LTS, mixed mode, tiered, compressed oops, g1 gc, windows-amd64)
# No core dump will be written. Minidumps are not enabled by default on client versions of Windows
#

---------------  S U M M A R Y ------------

Command Line: -javaagent:C:\Program Files\JetBrains\IntelliJ IDEA Community Edition 2022.2\lib\idea_rt.jar=57741:C:\Program Files\JetBrains\IntelliJ IDEA Community Edition 2022.2\bin -Dfile.encoding=UTF-8 com.backendstartproject.BackendStartprojekt0.BackendStartprojekt0Application

Host: Intel(R) Core(TM) i7-2720QM CPU @ 2.20GHz, 8 cores, 11G,  Windows 10 , 64 bit Build 19041 (10.0.19041.1806)
Time: Tue Aug  9 22:10:18 2022 Mitteleuropäische Sommerzeit elapsed time: 69.206577 seconds (0d 0h 1m 9s)

---------------  T H R E A D  ---------------

Current thread (0x000001f7f47ae000):  JavaThread "C2 CompilerThread0" daemon [_thread_in_native, id=11964, stack(0x000000f305100000,0x000000f305200000)]


Current CompileTask:
C2:  69206 5303       4       org.springframework.beans.factory.support.AbstractBeanFactory::isTypeMatch (607 bytes)

Stack: [0x000000f305100000,0x000000f305200000]
Native frames: (J=compiled Java code, j=interpreted, Vv=VM code, C=native code)
V  [jvm.dll+0x61f28a]
V  [jvm.dll+0x7ac579]
V  [jvm.dll+0x7adc68]
V  [jvm.dll+0x7ae343]
V  [jvm.dll+0x24f968]
V  [jvm.dll+0xc262c]
V  [jvm.dll+0xc2bec]
V  [jvm.dll+0x359f17]
V  [jvm.dll+0x19e901]
V  [jvm.dll+0x208f12]
V  [jvm.dll+0x207f2d]
V  [jvm.dll+0x18a3b1]
V  [jvm.dll+0x217614]
V  [jvm.dll+0x21585b]
V  [jvm.dll+0x76efb0]
V  [jvm.dll+0x767ee4]
V  [jvm.dll+0x61e0f5]
C  [ucrtbase.dll+0x21bb2]
C  [KERNEL32.DLL+0x17034]
C  [ntdll.dll+0x52651]


---------------  P R O C E S S  ---------------

Threads class SMR info:
_java_thread_list=0x000001f7f7a20450, length=30, elements={
0x000001f7f474a000, 0x000001f7f4753800, 0x000001f7f479c800, 0x000001f7f479e000,
0x000001f7f479f000, 0x000001f7f47ae000, 0x000001f7f47b9000, 0x000001f7f47c7000,
0x000001f7f3eda000, 0x000001f7f4f0c800, 0x000001f7f86dd800, 0x000001f7f9a67800,
0x000001f7f7991800, 0x000001f7f82fd000, 0x000001f7f6415000, 0x000001f7f6416000,
0x000001f7f6413800, 0x000001f7f6411000, 0x000001f7f6412800, 0x000001f7f6414000,
0x000001f7f6410000, 0x000001f7f6416800, 0x000001f7f5171000, 0x000001f7f5174800,
0x000001f7f5172000, 0x000001f7f5172800, 0x000001f7f5173800, 0x000001f7f5175000,
0x000001f7f5176000, 0x000001f7f5170800
}

Java Threads: ( => current thread )
  0x000001f7f474a000 JavaThread "Reference Handler" daemon [_thread_blocked, id=12808, stack(0x000000f304c00000,0x000000f304d00000)]
  0x000001f7f4753800 JavaThread "Finalizer" daemon [_thread_blocked, id=10100, stack(0x000000f304d00000,0x000000f304e00000)]
  0x000001f7f479c800 JavaThread "Signal Dispatcher" daemon [_thread_blocked, id=4692, stack(0x000000f304e00000,0x000000f304f00000)]
  0x000001f7f479e000 JavaThread "Attach Listener" daemon [_thread_blocked, id=264, stack(0x000000f304f00000,0x000000f305000000)]
  0x000001f7f479f000 JavaThread "Service Thread" daemon [_thread_blocked, id=12184, stack(0x000000f305000000,0x000000f305100000)]
=>0x000001f7f47ae000 JavaThread "C2 CompilerThread0" daemon [_thread_in_native, id=11964, stack(0x000000f305100000,0x000000f305200000)]
  0x000001f7f47b9000 JavaThread "C1 CompilerThread0" daemon [_thread_blocked, id=2104, stack(0x000000f305200000,0x000000f305300000)]
  0x000001f7f47c7000 JavaThread "Sweeper thread" daemon [_thread_blocked, id=12620, stack(0x000000f305300000,0x000000f305400000)]
  0x000001f7f3eda000 JavaThread "Common-Cleaner" daemon [_thread_blocked, id=11496, stack(0x000000f305400000,0x000000f305500000)]
  0x000001f7f4f0c800 JavaThread "Monitor Ctrl-Break" daemon [_thread_in_native, id=12280, stack(0x000000f305600000,0x000000f305700000)]
  0x000001f7f86dd800 JavaThread "Catalina-utility-1" [_thread_blocked, id=9036, stack(0x000000f306300000,0x000000f306400000)]
  0x000001f7f9a67800 JavaThread "Catalina-utility-2" [_thread_blocked, id=2096, stack(0x000000f306400000,0x000000f306500000)]
  0x000001f7f7991800 JavaThread "container-0" [_thread_blocked, id=10144, stack(0x000000f306500000,0x000000f306600000)]
  0x000001f7f82fd000 JavaThread "mysql-cj-abandoned-connection-cleanup" daemon [_thread_blocked, id=6632, stack(0x000000f306600000,0x000000f306700000)]
  0x000001f7f6415000 JavaThread "HikariPool-1 housekeeper" daemon [_thread_blocked, id=6952, stack(0x000000f306800000,0x000000f306900000)]
  0x000001f7f6416000 JavaThread "File Watcher" daemon [_thread_blocked, id=1908, stack(0x000000f306a00000,0x000000f306b00000)]
  0x000001f7f6413800 JavaThread "Live Reload Server" daemon [_thread_in_native, id=9952, stack(0x000000f306c00000,0x000000f306d00000)]
  0x000001f7f6411000 JavaThread "http-nio-8080-exec-1" daemon [_thread_blocked, id=13044, stack(0x000000f306b00000,0x000000f306c00000)]
  0x000001f7f6412800 JavaThread "http-nio-8080-exec-2" daemon [_thread_blocked, id=7464, stack(0x000000f306d00000,0x000000f306e00000)]
  0x000001f7f6414000 JavaThread "http-nio-8080-exec-3" daemon [_thread_blocked, id=8708, stack(0x000000f306e00000,0x000000f306f00000)]
  0x000001f7f6410000 JavaThread "http-nio-8080-exec-4" daemon [_thread_blocked, id=11476, stack(0x000000f306f00000,0x000000f307000000)]
  0x000001f7f6416800 JavaThread "http-nio-8080-exec-5" daemon [_thread_blocked, id=8236, stack(0x000000f307000000,0x000000f307100000)]
  0x000001f7f5171000 JavaThread "http-nio-8080-exec-6" daemon [_thread_blocked, id=12100, stack(0x000000f307100000,0x000000f307200000)]
  0x000001f7f5174800 JavaThread "http-nio-8080-exec-7" daemon [_thread_blocked, id=11012, stack(0x000000f307200000,0x000000f307300000)]
  0x000001f7f5172000 JavaThread "http-nio-8080-exec-8" daemon [_thread_blocked, id=1472, stack(0x000000f307300000,0x000000f307400000)]
  0x000001f7f5172800 JavaThread "http-nio-8080-exec-9" daemon [_thread_blocked, id=5796, stack(0x000000f307400000,0x000000f307500000)]
  0x000001f7f5173800 JavaThread "http-nio-8080-exec-10" daemon [_thread_blocked, id=10720, stack(0x000000f307500000,0x000000f307600000)]
  0x000001f7f5175000 JavaThread "http-nio-8080-Poller" daemon [_thread_in_native, id=12716, stack(0x000000f307600000,0x000000f307700000)]
  0x000001f7f5176000 JavaThread "http-nio-8080-Acceptor" daemon [_thread_in_native, id=11620, stack(0x000000f307700000,0x000000f307800000)]
  0x000001f7f5170800 JavaThread "DestroyJavaVM" [_thread_blocked, id=2820, stack(0x000000f304500000,0x000000f304600000)]

Other Threads:
  0x000001f7f4748800 VMThread "VM Thread" [stack: 0x000000f304b00000,0x000000f304c00000] [id=12996]
  0x000001f7f4f0d800 WatcherThread [stack: 0x000000f305700000,0x000000f305800000] [id=6240]
  0x000001f7d0a2e000 GCTaskThread "GC Thread#0" [stack: 0x000000f304600000,0x000000f304700000] [id=1508]
  0x000001f7f55f4800 GCTaskThread "GC Thread#1" [stack: 0x000000f305800000,0x000000f305900000] [id=3056]
  0x000001f7f5622800 GCTaskThread "GC Thread#2" [stack: 0x000000f305900000,0x000000f305a00000] [id=8680]
  0x000001f7f560e000 GCTaskThread "GC Thread#3" [stack: 0x000000f305a00000,0x000000f305b00000] [id=11392]
  0x000001f7f59eb800 GCTaskThread "GC Thread#4" [stack: 0x000000f305e00000,0x000000f305f00000] [id=616]
  0x000001f7f589c800 GCTaskThread "GC Thread#5" [stack: 0x000000f305f00000,0x000000f306000000] [id=748]
  0x000001f7f5d0d800 GCTaskThread "GC Thread#6" [stack: 0x000000f306000000,0x000000f306100000] [id=8716]
  0x000001f7f5c6a000 GCTaskThread "GC Thread#7" [stack: 0x000000f306100000,0x000000f306200000] [id=6804]
  0x000001f7d0a73000 ConcurrentGCThread "G1 Main Marker" [stack: 0x000000f304700000,0x000000f304800000] [id=1592]
  0x000001f7d0a75800 ConcurrentGCThread "G1 Conc#0" [stack: 0x000000f304800000,0x000000f304900000] [id=7124]
  0x000001f7f59b5800 ConcurrentGCThread "G1 Conc#1" [stack: 0x000000f306200000,0x000000f306300000] [id=10036]
  0x000001f7f3d86800 ConcurrentGCThread "G1 Refine#0" [stack: 0x000000f304900000,0x000000f304a00000] [id=3140]
  0x000001f7f3d87800 ConcurrentGCThread "G1 Young RemSet Sampling" [stack: 0x000000f304a00000,0x000000f304b00000] [id=5000]

Threads with active compile tasks:
C2 CompilerThread0    69256 5303       4       org.springframework.beans.factory.support.AbstractBeanFactory::isTypeMatch (607 bytes)

VM state:not at safepoint (normal execution)

VM Mutex/Monitor currently owned by a thread: None

Heap address: 0x0000000743800000, size: 3016 MB, Compressed Oops mode: Zero based, Oop shift amount: 3
Narrow klass base: 0x0000000800000000, Narrow klass shift: 0
Compressed class space size: 1073741824 Address: 0x0000000800000000

Heap:
 garbage-first heap   total 233472K, used 111879K [0x0000000743800000, 0x0000000800000000)
  region size 1024K, 98 young (100352K), 10 survivors (10240K)
 Metaspace       used 69070K, capacity 70978K, committed 71088K, reserved 1112064K
  class space    used 8677K, capacity 9457K, committed 9472K, reserved 1048576K
Heap Regions: E=young(eden), S=young(survivor), O=old, HS=humongous(starts), HC=humongous(continues), CS=collection set, F=free, A=archive, TAMS=top-at-mark-start (previous, next)
|   0|0x0000000743800000, 0x0000000743900000, 0x0000000743900000|100%|HS|  |TAMS 0x0000000743900000, 0x0000000743800000| Complete 
|   1|0x0000000743900000, 0x0000000743a00000, 0x0000000743a00000|100%| O|  |TAMS 0x0000000743a00000, 0x0000000743900000| Untracked 
|   2|0x0000000743a00000, 0x0000000743b00000, 0x0000000743b00000|100%| O|  |TAMS 0x0000000743b00000, 0x0000000743a00000| Untracked 
|   3|0x0000000743b00000, 0x0000000743c00000, 0x0000000743c00000|100%| O|  |TAMS 0x0000000743c00000, 0x0000000743b00000| Untracked 
|   4|0x0000000743c00000, 0x0000000743d00000, 0x0000000743d00000|100%| O|  |TAMS 0x0000000743d00000, 0x0000000743c00000| Untracked 
|   5|0x0000000743d00000, 0x0000000743e00000, 0x0000000743e00000|100%| O|  |TAMS 0x0000000743e00000, 0x0000000743d00000| Untracked 
|   6|0x0000000743e00000, 0x0000000743f00000, 0x0000000743f00000|100%| O|  |TAMS 0x0000000743f00000, 0x0000000743e00000| Untracked 
|   7|0x0000000743f00000, 0x0000000744000000, 0x0000000744000000|100%| O|  |TAMS 0x0000000744000000, 0x0000000743f00000| Untracked 
|   8|0x0000000744000000, 0x0000000744100000, 0x0000000744100000|100%| O|  |TAMS 0x0000000744100000, 0x0000000744000000| Untracked 
|   9|0x0000000744100000, 0x0000000744200000, 0x0000000744200000|100%| O|  |TAMS 0x0000000744200000, 0x0000000744100000| Untracked 
|  10|0x0000000744200000, 0x0000000744300000, 0x0000000744300000|100%| O|  |TAMS 0x0000000744300000, 0x0000000744200000| Untracked 
|  11|0x0000000744300000, 0x0000000744400000, 0x0000000744400000|100%| O|  |TAMS 0x0000000744400000, 0x0000000744300000| Untracked 
|  12|0x0000000744400000, 0x00000007444a5a00, 0x0000000744500000| 64%| O|  |TAMS 0x00000007444a5a00, 0x0000000744400000| Untracked 
|  13|0x0000000744500000, 0x0000000744500000, 0x0000000744600000|  0%| F|  |TAMS 0x0000000744500000, 0x0000000744500000| Untracked 
|  14|0x0000000744600000, 0x0000000744600000, 0x0000000744700000|  0%| F|  |TAMS 0x0000000744600000, 0x0000000744600000| Untracked 
|  15|0x0000000744700000, 0x0000000744700000, 0x0000000744800000|  0%| F|  |TAMS 0x0000000744700000, 0x0000000744700000| Untracked 
|  16|0x0000000744800000, 0x0000000744800000, 0x0000000744900000|  0%| F|  |TAMS 0x0000000744800000, 0x0000000744800000| Untracked 
|  17|0x0000000744900000, 0x0000000744900000, 0x0000000744a00000|  0%| F|  |TAMS 0x0000000744900000, 0x0000000744900000| Untracked 
|  18|0x0000000744a00000, 0x0000000744a00000, 0x0000000744b00000|  0%| F|  |TAMS 0x0000000744a00000, 0x0000000744a00000| Untracked 
|  19|0x0000000744b00000, 0x0000000744b00000, 0x0000000744c00000|  0%| F|  |TAMS 0x0000000744b00000, 0x0000000744b00000| Untracked 
|  20|0x0000000744c00000, 0x0000000744c00000, 0x0000000744d00000|  0%| F|  |TAMS 0x0000000744c00000, 0x0000000744c00000| Untracked 
|  21|0x0000000744d00000, 0x0000000744d00000, 0x0000000744e00000|  0%| F|  |TAMS 0x0000000744d00000, 0x0000000744d00000| Untracked 
|  22|0x0000000744e00000, 0x0000000744e00000, 0x0000000744f00000|  0%| F|  |TAMS 0x0000000744e00000, 0x0000000744e00000| Untracked 
|  23|0x0000000744f00000, 0x0000000744f00000, 0x0000000745000000|  0%| F|  |TAMS 0x0000000744f00000, 0x0000000744f00000| Untracked 
|  24|0x0000000745000000, 0x0000000745000000, 0x0000000745100000|  0%| F|  |TAMS 0x0000000745000000, 0x0000000745000000| Untracked 
|  25|0x0000000745100000, 0x0000000745100000, 0x0000000745200000|  0%| F|  |TAMS 0x0000000745100000, 0x0000000745100000| Untracked 
|  26|0x0000000745200000, 0x0000000745200000, 0x0000000745300000|  0%| F|  |TAMS 0x0000000745200000, 0x0000000745200000| Untracked 
|  27|0x0000000745300000, 0x0000000745300000, 0x0000000745400000|  0%| F|  |TAMS 0x0000000745300000, 0x0000000745300000| Untracked 
|  28|0x0000000745400000, 0x0000000745400000, 0x0000000745500000|  0%| F|  |TAMS 0x0000000745400000, 0x0000000745400000| Untracked 
|  29|0x0000000745500000, 0x0000000745500000, 0x0000000745600000|  0%| F|  |TAMS 0x0000000745500000, 0x0000000745500000| Untracked 
|  30|0x0000000745600000, 0x0000000745600000, 0x0000000745700000|  0%| F|  |TAMS 0x0000000745600000, 0x0000000745600000| Untracked 
|  31|0x0000000745700000, 0x0000000745700000, 0x0000000745800000|  0%| F|  |TAMS 0x0000000745700000, 0x0000000745700000| Untracked 
|  32|0x0000000745800000, 0x0000000745800000, 0x0000000745900000|  0%| F|  |TAMS 0x0000000745800000, 0x0000000745800000| Untracked 
|  33|0x0000000745900000, 0x0000000745900000, 0x0000000745a00000|  0%| F|  |TAMS 0x0000000745900000, 0x0000000745900000| Untracked 
|  34|0x0000000745a00000, 0x0000000745a00000, 0x0000000745b00000|  0%| F|  |TAMS 0x0000000745a00000, 0x0000000745a00000| Untracked 
|  35|0x0000000745b00000, 0x0000000745b00000, 0x0000000745c00000|  0%| F|  |TAMS 0x0000000745b00000, 0x0000000745b00000| Untracked 
|  36|0x0000000745c00000, 0x0000000745c00000, 0x0000000745d00000|  0%| F|  |TAMS 0x0000000745c00000, 0x0000000745c00000| Untracked 
|  37|0x0000000745d00000, 0x0000000745d00000, 0x0000000745e00000|  0%| F|  |TAMS 0x0000000745d00000, 0x0000000745d00000| Untracked 
|  38|0x0000000745e00000, 0x0000000745e00000, 0x0000000745f00000|  0%| F|  |TAMS 0x0000000745e00000, 0x0000000745e00000| Untracked 
|  39|0x0000000745f00000, 0x0000000745f00000, 0x0000000746000000|  0%| F|  |TAMS 0x0000000745f00000, 0x0000000745f00000| Untracked 
|  40|0x0000000746000000, 0x0000000746000000, 0x0000000746100000|  0%| F|  |TAMS 0x0000000746000000, 0x0000000746000000| Untracked 
|  41|0x0000000746100000, 0x0000000746100000, 0x0000000746200000|  0%| F|  |TAMS 0x0000000746100000, 0x0000000746100000| Untracked 
|  42|0x0000000746200000, 0x0000000746200000, 0x0000000746300000|  0%| F|  |TAMS 0x0000000746200000, 0x0000000746200000| Untracked 
|  43|0x0000000746300000, 0x0000000746300000, 0x0000000746400000|  0%| F|  |TAMS 0x0000000746300000, 0x0000000746300000| Untracked 
|  44|0x0000000746400000, 0x0000000746400000, 0x0000000746500000|  0%| F|  |TAMS 0x0000000746400000, 0x0000000746400000| Untracked 
|  45|0x0000000746500000, 0x0000000746500000, 0x0000000746600000|  0%| F|  |TAMS 0x0000000746500000, 0x0000000746500000| Untracked 
|  46|0x0000000746600000, 0x0000000746600000, 0x0000000746700000|  0%| F|  |TAMS 0x0000000746600000, 0x0000000746600000| Untracked 
|  47|0x0000000746700000, 0x0000000746700000, 0x0000000746800000|  0%| F|  |TAMS 0x0000000746700000, 0x0000000746700000| Untracked 
|  48|0x0000000746800000, 0x0000000746800000, 0x0000000746900000|  0%| F|  |TAMS 0x0000000746800000, 0x0000000746800000| Untracked 
|  49|0x0000000746900000, 0x0000000746900000, 0x0000000746a00000|  0%| F|  |TAMS 0x0000000746900000, 0x0000000746900000| Untracked 
|  50|0x0000000746a00000, 0x0000000746a00000, 0x0000000746b00000|  0%| F|  |TAMS 0x0000000746a00000, 0x0000000746a00000| Untracked 
|  51|0x0000000746b00000, 0x0000000746b00000, 0x0000000746c00000|  0%| F|  |TAMS 0x0000000746b00000, 0x0000000746b00000| Untracked 
|  52|0x0000000746c00000, 0x0000000746c00000, 0x0000000746d00000|  0%| F|  |TAMS 0x0000000746c00000, 0x0000000746c00000| Untracked 
|  53|0x0000000746d00000, 0x0000000746d00000, 0x0000000746e00000|  0%| F|  |TAMS 0x0000000746d00000, 0x0000000746d00000| Untracked 
|  54|0x0000000746e00000, 0x0000000746e00000, 0x0000000746f00000|  0%| F|  |TAMS 0x0000000746e00000, 0x0000000746e00000| Untracked 
|  55|0x0000000746f00000, 0x0000000746f00000, 0x0000000747000000|  0%| F|  |TAMS 0x0000000746f00000, 0x0000000746f00000| Untracked 
|  56|0x0000000747000000, 0x0000000747000000, 0x0000000747100000|  0%| F|  |TAMS 0x0000000747000000, 0x0000000747000000| Untracked 
|  57|0x0000000747100000, 0x0000000747100000, 0x0000000747200000|  0%| F|  |TAMS 0x0000000747100000, 0x0000000747100000| Untracked 
|  58|0x0000000747200000, 0x0000000747200000, 0x0000000747300000|  0%| F|  |TAMS 0x0000000747200000, 0x0000000747200000| Untracked 
|  59|0x0000000747300000, 0x0000000747300000, 0x0000000747400000|  0%| F|  |TAMS 0x0000000747300000, 0x0000000747300000| Untracked 
|  60|0x0000000747400000, 0x0000000747400000, 0x0000000747500000|  0%| F|  |TAMS 0x0000000747400000, 0x0000000747400000| Untracked 
|  61|0x0000000747500000, 0x0000000747500000, 0x0000000747600000|  0%| F|  |TAMS 0x0000000747500000, 0x0000000747500000| Untracked 
|  62|0x0000000747600000, 0x0000000747600000, 0x0000000747700000|  0%| F|  |TAMS 0x0000000747600000, 0x0000000747600000| Untracked 
|  63|0x0000000747700000, 0x0000000747700000, 0x0000000747800000|  0%| F|  |TAMS 0x0000000747700000, 0x0000000747700000| Untracked 
|  64|0x0000000747800000, 0x0000000747800000, 0x0000000747900000|  0%| F|  |TAMS 0x0000000747800000, 0x0000000747800000| Untracked 
|  65|0x0000000747900000, 0x0000000747900000, 0x0000000747a00000|  0%| F|  |TAMS 0x0000000747900000, 0x0000000747900000| Untracked 
|  66|0x0000000747a00000, 0x0000000747a00000, 0x0000000747b00000|  0%| F|  |TAMS 0x0000000747a00000, 0x0000000747a00000| Untracked 
|  67|0x0000000747b00000, 0x0000000747b00000, 0x0000000747c00000|  0%| F|  |TAMS 0x0000000747b00000, 0x0000000747b00000| Untracked 
|  68|0x0000000747c00000, 0x0000000747c00000, 0x0000000747d00000|  0%| F|  |TAMS 0x0000000747c00000, 0x0000000747c00000| Untracked 
|  69|0x0000000747d00000, 0x0000000747d00000, 0x0000000747e00000|  0%| F|  |TAMS 0x0000000747d00000, 0x0000000747d00000| Untracked 
|  70|0x0000000747e00000, 0x0000000747e00000, 0x0000000747f00000|  0%| F|  |TAMS 0x0000000747e00000, 0x0000000747e00000| Untracked 
|  71|0x0000000747f00000, 0x0000000747f00000, 0x0000000748000000|  0%| F|  |TAMS 0x0000000747f00000, 0x0000000747f00000| Untracked 
|  72|0x0000000748000000, 0x0000000748000000, 0x0000000748100000|  0%| F|  |TAMS 0x0000000748000000, 0x0000000748000000| Untracked 
|  73|0x0000000748100000, 0x0000000748100000, 0x0000000748200000|  0%| F|  |TAMS 0x0000000748100000, 0x0000000748100000| Untracked 
|  74|0x0000000748200000, 0x0000000748200000, 0x0000000748300000|  0%| F|  |TAMS 0x0000000748200000, 0x0000000748200000| Untracked 
|  75|0x0000000748300000, 0x0000000748300000, 0x0000000748400000|  0%| F|  |TAMS 0x0000000748300000, 0x0000000748300000| Untracked 
|  76|0x0000000748400000, 0x0000000748400000, 0x0000000748500000|  0%| F|  |TAMS 0x0000000748400000, 0x0000000748400000| Untracked 
|  77|0x0000000748500000, 0x0000000748500000, 0x0000000748600000|  0%| F|  |TAMS 0x0000000748500000, 0x0000000748500000| Untracked 
|  78|0x0000000748600000, 0x0000000748600000, 0x0000000748700000|  0%| F|  |TAMS 0x0000000748600000, 0x0000000748600000| Untracked 
|  79|0x0000000748700000, 0x0000000748700000, 0x0000000748800000|  0%| F|  |TAMS 0x0000000748700000, 0x0000000748700000| Untracked 
|  80|0x0000000748800000, 0x0000000748800000, 0x0000000748900000|  0%| F|  |TAMS 0x0000000748800000, 0x0000000748800000| Untracked 
|  81|0x0000000748900000, 0x0000000748900000, 0x0000000748a00000|  0%| F|  |TAMS 0x0000000748900000, 0x0000000748900000| Untracked 
|  82|0x0000000748a00000, 0x0000000748a00000, 0x0000000748b00000|  0%| F|  |TAMS 0x0000000748a00000, 0x0000000748a00000| Untracked 
|  83|0x0000000748b00000, 0x0000000748b00000, 0x0000000748c00000|  0%| F|  |TAMS 0x0000000748b00000, 0x0000000748b00000| Untracked 
|  84|0x0000000748c00000, 0x0000000748c00000, 0x0000000748d00000|  0%| F|  |TAMS 0x0000000748c00000, 0x0000000748c00000| Untracked 
|  85|0x0000000748d00000, 0x0000000748d00000, 0x0000000748e00000|  0%| F|  |TAMS 0x0000000748d00000, 0x0000000748d00000| Untracked 
|  86|0x0000000748e00000, 0x0000000748e00000, 0x0000000748f00000|  0%| F|  |TAMS 0x0000000748e00000, 0x0000000748e00000| Untracked 
|  87|0x0000000748f00000, 0x0000000748f00000, 0x0000000749000000|  0%| F|  |TAMS 0x0000000748f00000, 0x0000000748f00000| Untracked 
|  88|0x0000000749000000, 0x0000000749000000, 0x0000000749100000|  0%| F|  |TAMS 0x0000000749000000, 0x0000000749000000| Untracked 
|  89|0x0000000749100000, 0x0000000749100000, 0x0000000749200000|  0%| F|  |TAMS 0x0000000749100000, 0x0000000749100000| Untracked 
|  90|0x0000000749200000, 0x0000000749200000, 0x0000000749300000|  0%| F|  |TAMS 0x0000000749200000, 0x0000000749200000| Untracked 
|  91|0x0000000749300000, 0x0000000749300000, 0x0000000749400000|  0%| F|  |TAMS 0x0000000749300000, 0x0000000749300000| Untracked 
|  92|0x0000000749400000, 0x0000000749400000, 0x0000000749500000|  0%| F|  |TAMS 0x0000000749400000, 0x0000000749400000| Untracked 
|  93|0x0000000749500000, 0x0000000749500000, 0x0000000749600000|  0%| F|  |TAMS 0x0000000749500000, 0x0000000749500000| Untracked 
|  94|0x0000000749600000, 0x0000000749600000, 0x0000000749700000|  0%| F|  |TAMS 0x0000000749600000, 0x0000000749600000| Untracked 
|  95|0x0000000749700000, 0x0000000749700000, 0x0000000749800000|  0%| F|  |TAMS 0x0000000749700000, 0x0000000749700000| Untracked 
|  96|0x0000000749800000, 0x0000000749800000, 0x0000000749900000|  0%| F|  |TAMS 0x0000000749800000, 0x0000000749800000| Untracked 
|  97|0x0000000749900000, 0x0000000749900000, 0x0000000749a00000|  0%| F|  |TAMS 0x0000000749900000, 0x0000000749900000| Untracked 
|  98|0x0000000749a00000, 0x0000000749a00000, 0x0000000749b00000|  0%| F|  |TAMS 0x0000000749a00000, 0x0000000749a00000| Untracked 
|  99|0x0000000749b00000, 0x0000000749b00000, 0x0000000749c00000|  0%| F|  |TAMS 0x0000000749b00000, 0x0000000749b00000| Untracked 
| 100|0x0000000749c00000, 0x0000000749c00000, 0x0000000749d00000|  0%| F|  |TAMS 0x0000000749c00000, 0x0000000749c00000| Untracked 
| 101|0x0000000749d00000, 0x0000000749d00000, 0x0000000749e00000|  0%| F|  |TAMS 0x0000000749d00000, 0x0000000749d00000| Untracked 
| 102|0x0000000749e00000, 0x0000000749e00000, 0x0000000749f00000|  0%| F|  |TAMS 0x0000000749e00000, 0x0000000749e00000| Untracked 
| 103|0x0000000749f00000, 0x0000000749f00000, 0x000000074a000000|  0%| F|  |TAMS 0x0000000749f00000, 0x0000000749f00000| Untracked 
| 104|0x000000074a000000, 0x000000074a000000, 0x000000074a100000|  0%| F|  |TAMS 0x000000074a000000, 0x000000074a000000| Untracked 
| 105|0x000000074a100000, 0x000000074a100000, 0x000000074a200000|  0%| F|  |TAMS 0x000000074a100000, 0x000000074a100000| Untracked 
| 106|0x000000074a200000, 0x000000074a200000, 0x000000074a300000|  0%| F|  |TAMS 0x000000074a200000, 0x000000074a200000| Untracked 
| 107|0x000000074a300000, 0x000000074a300000, 0x000000074a400000|  0%| F|  |TAMS 0x000000074a300000, 0x000000074a300000| Untracked 
| 108|0x000000074a400000, 0x000000074a400000, 0x000000074a500000|  0%| F|  |TAMS 0x000000074a400000, 0x000000074a400000| Untracked 
| 109|0x000000074a500000, 0x000000074a500000, 0x000000074a600000|  0%| F|  |TAMS 0x000000074a500000, 0x000000074a500000| Untracked 
| 110|0x000000074a600000, 0x000000074a600000, 0x000000074a700000|  0%| F|  |TAMS 0x000000074a600000, 0x000000074a600000| Untracked 
| 111|0x000000074a700000, 0x000000074a700000, 0x000000074a800000|  0%| F|  |TAMS 0x000000074a700000, 0x000000074a700000| Untracked 
| 112|0x000000074a800000, 0x000000074a800000, 0x000000074a900000|  0%| F|  |TAMS 0x000000074a800000, 0x000000074a800000| Untracked 
| 113|0x000000074a900000, 0x000000074a900000, 0x000000074aa00000|  0%| F|  |TAMS 0x000000074a900000, 0x000000074a900000| Untracked 
| 114|0x000000074aa00000, 0x000000074aa00000, 0x000000074ab00000|  0%| F|  |TAMS 0x000000074aa00000, 0x000000074aa00000| Untracked 
| 115|0x000000074ab00000, 0x000000074ab00000, 0x000000074ac00000|  0%| F|  |TAMS 0x000000074ab00000, 0x000000074ab00000| Untracked 
| 116|0x000000074ac00000, 0x000000074ac00000, 0x000000074ad00000|  0%| F|  |TAMS 0x000000074ac00000, 0x000000074ac00000| Untracked 
| 117|0x000000074ad00000, 0x000000074ad00000, 0x000000074ae00000|  0%| F|  |TAMS 0x000000074ad00000, 0x000000074ad00000| Untracked 
| 118|0x000000074ae00000, 0x000000074ae00000, 0x000000074af00000|  0%| F|  |TAMS 0x000000074ae00000, 0x000000074ae00000| Untracked 
| 119|0x000000074af00000, 0x000000074af00000, 0x000000074b000000|  0%| F|  |TAMS 0x000000074af00000, 0x000000074af00000| Untracked 
| 120|0x000000074b000000, 0x000000074b000000, 0x000000074b100000|  0%| F|  |TAMS 0x000000074b000000, 0x000000074b000000| Untracked 
| 121|0x000000074b100000, 0x000000074b100000, 0x000000074b200000|  0%| F|  |TAMS 0x000000074b100000, 0x000000074b100000| Untracked 
| 122|0x000000074b200000, 0x000000074b200000, 0x000000074b300000|  0%| F|  |TAMS 0x000000074b200000, 0x000000074b200000| Untracked 
| 123|0x000000074b300000, 0x000000074b300000, 0x000000074b400000|  0%| F|  |TAMS 0x000000074b300000, 0x000000074b300000| Untracked 
| 124|0x000000074b400000, 0x000000074b400000, 0x000000074b500000|  0%| F|  |TAMS 0x000000074b400000, 0x000000074b400000| Untracked 
| 125|0x000000074b500000, 0x000000074b500000, 0x000000074b600000|  0%| F|  |TAMS 0x000000074b500000, 0x000000074b500000| Untracked 
| 126|0x000000074b600000, 0x000000074b600000, 0x000000074b700000|  0%| F|  |TAMS 0x000000074b600000, 0x000000074b600000| Untracked 
| 127|0x000000074b700000, 0x000000074b700000, 0x000000074b800000|  0%| F|  |TAMS 0x000000074b700000, 0x000000074b700000| Untracked 
| 128|0x000000074b800000, 0x000000074b800000, 0x000000074b900000|  0%| F|  |TAMS 0x000000074b800000, 0x000000074b800000| Untracked 
| 129|0x000000074b900000, 0x000000074b900000, 0x000000074ba00000|  0%| F|  |TAMS 0x000000074b900000, 0x000000074b900000| Untracked 
| 130|0x000000074ba00000, 0x000000074ba88e40, 0x000000074bb00000| 53%| E|  |TAMS 0x000000074ba00000, 0x000000074ba00000| Complete 
| 131|0x000000074bb00000, 0x000000074bc00000, 0x000000074bc00000|100%| E|CS|TAMS 0x000000074bb00000, 0x000000074bb00000| Complete 
| 132|0x000000074bc00000, 0x000000074bd00000, 0x000000074bd00000|100%| E|CS|TAMS 0x000000074bc00000, 0x000000074bc00000| Complete 
| 133|0x000000074bd00000, 0x000000074be00000, 0x000000074be00000|100%| E|CS|TAMS 0x000000074bd00000, 0x000000074bd00000| Complete 
| 134|0x000000074be00000, 0x000000074bf00000, 0x000000074bf00000|100%| E|CS|TAMS 0x000000074be00000, 0x000000074be00000| Complete 
| 135|0x000000074bf00000, 0x000000074c000000, 0x000000074c000000|100%| E|CS|TAMS 0x000000074bf00000, 0x000000074bf00000| Complete 
| 136|0x000000074c000000, 0x000000074c100000, 0x000000074c100000|100%| E|CS|TAMS 0x000000074c000000, 0x000000074c000000| Complete 
| 137|0x000000074c100000, 0x000000074c200000, 0x000000074c200000|100%| E|CS|TAMS 0x000000074c100000, 0x000000074c100000| Complete 
| 138|0x000000074c200000, 0x000000074c300000, 0x000000074c300000|100%| E|CS|TAMS 0x000000074c200000, 0x000000074c200000| Complete 
| 139|0x000000074c300000, 0x000000074c400000, 0x000000074c400000|100%| E|CS|TAMS 0x000000074c300000, 0x000000074c300000| Complete 
| 140|0x000000074c400000, 0x000000074c500000, 0x000000074c500000|100%| E|CS|TAMS 0x000000074c400000, 0x000000074c400000| Complete 
| 141|0x000000074c500000, 0x000000074c600000, 0x000000074c600000|100%| E|CS|TAMS 0x000000074c500000, 0x000000074c500000| Complete 
| 142|0x000000074c600000, 0x000000074c700000, 0x000000074c700000|100%| E|CS|TAMS 0x000000074c600000, 0x000000074c600000| Complete 
| 143|0x000000074c700000, 0x000000074c800000, 0x000000074c800000|100%| E|CS|TAMS 0x000000074c700000, 0x000000074c700000| Complete 
| 144|0x000000074c800000, 0x000000074c900000, 0x000000074c900000|100%| E|CS|TAMS 0x000000074c800000, 0x000000074c800000| Complete 
| 145|0x000000074c900000, 0x000000074ca00000, 0x000000074ca00000|100%| E|CS|TAMS 0x000000074c900000, 0x000000074c900000| Complete 
| 146|0x000000074ca00000, 0x000000074cb00000, 0x000000074cb00000|100%| E|CS|TAMS 0x000000074ca00000, 0x000000074ca00000| Complete 
| 147|0x000000074cb00000, 0x000000074cc00000, 0x000000074cc00000|100%| E|CS|TAMS 0x000000074cb00000, 0x000000074cb00000| Complete 
| 148|0x000000074cc00000, 0x000000074cd00000, 0x000000074cd00000|100%| E|CS|TAMS 0x000000074cc00000, 0x000000074cc00000| Complete 
| 149|0x000000074cd00000, 0x000000074ce00000, 0x000000074ce00000|100%| E|CS|TAMS 0x000000074cd00000, 0x000000074cd00000| Complete 
| 150|0x000000074ce00000, 0x000000074cf00000, 0x000000074cf00000|100%| E|CS|TAMS 0x000000074ce00000, 0x000000074ce00000| Complete 
| 151|0x000000074cf00000, 0x000000074d000000, 0x000000074d000000|100%| E|CS|TAMS 0x000000074cf00000, 0x000000074cf00000| Complete 
| 152|0x000000074d000000, 0x000000074d100000, 0x000000074d100000|100%| E|CS|TAMS 0x000000074d000000, 0x000000074d000000| Complete 
| 153|0x000000074d100000, 0x000000074d200000, 0x000000074d200000|100%| E|CS|TAMS 0x000000074d100000, 0x000000074d100000| Complete 
| 154|0x000000074d200000, 0x000000074d300000, 0x000000074d300000|100%| E|CS|TAMS 0x000000074d200000, 0x000000074d200000| Complete 
| 155|0x000000074d300000, 0x000000074d400000, 0x000000074d400000|100%| E|CS|TAMS 0x000000074d300000, 0x000000074d300000| Complete 
| 156|0x000000074d400000, 0x000000074d500000, 0x000000074d500000|100%| E|CS|TAMS 0x000000074d400000, 0x000000074d400000| Complete 
| 157|0x000000074d500000, 0x000000074d600000, 0x000000074d600000|100%| E|CS|TAMS 0x000000074d500000, 0x000000074d500000| Complete 
| 158|0x000000074d600000, 0x000000074d700000, 0x000000074d700000|100%| E|CS|TAMS 0x000000074d600000, 0x000000074d600000| Complete 
| 159|0x000000074d700000, 0x000000074d800000, 0x000000074d800000|100%| E|CS|TAMS 0x000000074d700000, 0x000000074d700000| Complete 
| 160|0x000000074d800000, 0x000000074d900000, 0x000000074d900000|100%| E|CS|TAMS 0x000000074d800000, 0x000000074d800000| Complete 
| 161|0x000000074d900000, 0x000000074da00000, 0x000000074da00000|100%| E|CS|TAMS 0x000000074d900000, 0x000000074d900000| Complete 
| 162|0x000000074da00000, 0x000000074db00000, 0x000000074db00000|100%| E|CS|TAMS 0x000000074da00000, 0x000000074da00000| Complete 
| 163|0x000000074db00000, 0x000000074dc00000, 0x000000074dc00000|100%| E|CS|TAMS 0x000000074db00000, 0x000000074db00000| Complete 
| 164|0x000000074dc00000, 0x000000074dd00000, 0x000000074dd00000|100%| E|CS|TAMS 0x000000074dc00000, 0x000000074dc00000| Complete 
| 165|0x000000074dd00000, 0x000000074de00000, 0x000000074de00000|100%| E|CS|TAMS 0x000000074dd00000, 0x000000074dd00000| Complete 
| 166|0x000000074de00000, 0x000000074df00000, 0x000000074df00000|100%| E|CS|TAMS 0x000000074de00000, 0x000000074de00000| Complete 
| 167|0x000000074df00000, 0x000000074e000000, 0x000000074e000000|100%| E|CS|TAMS 0x000000074df00000, 0x000000074df00000| Complete 
| 168|0x000000074e000000, 0x000000074e100000, 0x000000074e100000|100%| E|CS|TAMS 0x000000074e000000, 0x000000074e000000| Complete 
| 169|0x000000074e100000, 0x000000074e200000, 0x000000074e200000|100%| E|CS|TAMS 0x000000074e100000, 0x000000074e100000| Complete 
| 170|0x000000074e200000, 0x000000074e300000, 0x000000074e300000|100%| E|CS|TAMS 0x000000074e200000, 0x000000074e200000| Complete 
| 171|0x000000074e300000, 0x000000074e400000, 0x000000074e400000|100%| E|CS|TAMS 0x000000074e300000, 0x000000074e300000| Complete 
| 172|0x000000074e400000, 0x000000074e500000, 0x000000074e500000|100%| E|CS|TAMS 0x000000074e400000, 0x000000074e400000| Complete 
| 173|0x000000074e500000, 0x000000074e600000, 0x000000074e600000|100%| E|CS|TAMS 0x000000074e500000, 0x000000074e500000| Complete 
| 174|0x000000074e600000, 0x000000074e700000, 0x000000074e700000|100%| E|CS|TAMS 0x000000074e600000, 0x000000074e600000| Complete 
| 175|0x000000074e700000, 0x000000074e800000, 0x000000074e800000|100%| E|CS|TAMS 0x000000074e700000, 0x000000074e700000| Complete 
| 176|0x000000074e800000, 0x000000074e900000, 0x000000074e900000|100%| E|CS|TAMS 0x000000074e800000, 0x000000074e800000| Complete 
| 177|0x000000074e900000, 0x000000074ea00000, 0x000000074ea00000|100%| E|CS|TAMS 0x000000074e900000, 0x000000074e900000| Complete 
| 178|0x000000074ea00000, 0x000000074eb00000, 0x000000074eb00000|100%| E|CS|TAMS 0x000000074ea00000, 0x000000074ea00000| Complete 
| 179|0x000000074eb00000, 0x000000074ec00000, 0x000000074ec00000|100%| E|CS|TAMS 0x000000074eb00000, 0x000000074eb00000| Complete 
| 180|0x000000074ec00000, 0x000000074ed00000, 0x000000074ed00000|100%| E|CS|TAMS 0x000000074ec00000, 0x000000074ec00000| Complete 
| 181|0x000000074ed00000, 0x000000074ee00000, 0x000000074ee00000|100%| E|CS|TAMS 0x000000074ed00000, 0x000000074ed00000| Complete 
| 182|0x000000074ee00000, 0x000000074ef00000, 0x000000074ef00000|100%| E|CS|TAMS 0x000000074ee00000, 0x000000074ee00000| Complete 
| 183|0x000000074ef00000, 0x000000074f000000, 0x000000074f000000|100%| E|CS|TAMS 0x000000074ef00000, 0x000000074ef00000| Complete 
| 184|0x000000074f000000, 0x000000074f100000, 0x000000074f100000|100%| E|CS|TAMS 0x000000074f000000, 0x000000074f000000| Complete 
| 185|0x000000074f100000, 0x000000074f200000, 0x000000074f200000|100%| E|CS|TAMS 0x000000074f100000, 0x000000074f100000| Complete 
| 186|0x000000074f200000, 0x000000074f300000, 0x000000074f300000|100%| E|CS|TAMS 0x000000074f200000, 0x000000074f200000| Complete 
| 187|0x000000074f300000, 0x000000074f400000, 0x000000074f400000|100%| E|CS|TAMS 0x000000074f300000, 0x000000074f300000| Complete 
| 188|0x000000074f400000, 0x000000074f500000, 0x000000074f500000|100%| E|CS|TAMS 0x000000074f400000, 0x000000074f400000| Complete 
| 189|0x000000074f500000, 0x000000074f600000, 0x000000074f600000|100%| E|CS|TAMS 0x000000074f500000, 0x000000074f500000| Complete 
| 190|0x000000074f600000, 0x000000074f700000, 0x000000074f700000|100%| E|CS|TAMS 0x000000074f600000, 0x000000074f600000| Complete 
| 191|0x000000074f700000, 0x000000074f800000, 0x000000074f800000|100%| E|CS|TAMS 0x000000074f700000, 0x000000074f700000| Complete 
| 192|0x000000074f800000, 0x000000074f900000, 0x000000074f900000|100%| E|CS|TAMS 0x000000074f800000, 0x000000074f800000| Complete 
| 193|0x000000074f900000, 0x000000074fa00000, 0x000000074fa00000|100%| E|CS|TAMS 0x000000074f900000, 0x000000074f900000| Complete 
| 194|0x000000074fa00000, 0x000000074fb00000, 0x000000074fb00000|100%| E|CS|TAMS 0x000000074fa00000, 0x000000074fa00000| Complete 
| 195|0x000000074fb00000, 0x000000074fc00000, 0x000000074fc00000|100%| E|CS|TAMS 0x000000074fb00000, 0x000000074fb00000| Complete 
| 196|0x000000074fc00000, 0x000000074fd00000, 0x000000074fd00000|100%| E|CS|TAMS 0x000000074fc00000, 0x000000074fc00000| Complete 
| 197|0x000000074fd00000, 0x000000074fe00000, 0x000000074fe00000|100%| E|CS|TAMS 0x000000074fd00000, 0x000000074fd00000| Complete 
| 198|0x000000074fe00000, 0x000000074ff00000, 0x000000074ff00000|100%| E|CS|TAMS 0x000000074fe00000, 0x000000074fe00000| Complete 
| 199|0x000000074ff00000, 0x0000000750000000, 0x0000000750000000|100%| E|CS|TAMS 0x000000074ff00000, 0x000000074ff00000| Complete 
| 200|0x0000000750000000, 0x0000000750100000, 0x0000000750100000|100%| E|CS|TAMS 0x0000000750000000, 0x0000000750000000| Complete 
| 201|0x0000000750100000, 0x0000000750200000, 0x0000000750200000|100%| E|CS|TAMS 0x0000000750100000, 0x0000000750100000| Complete 
| 202|0x0000000750200000, 0x0000000750300000, 0x0000000750300000|100%| E|CS|TAMS 0x0000000750200000, 0x0000000750200000| Complete 
| 203|0x0000000750300000, 0x0000000750400000, 0x0000000750400000|100%| E|CS|TAMS 0x0000000750300000, 0x0000000750300000| Complete 
| 204|0x0000000750400000, 0x0000000750500000, 0x0000000750500000|100%| E|CS|TAMS 0x0000000750400000, 0x0000000750400000| Complete 
| 205|0x0000000750500000, 0x000000075059c200, 0x0000000750600000| 60%| S|CS|TAMS 0x0000000750500000, 0x0000000750500000| Complete 
| 206|0x0000000750600000, 0x0000000750700000, 0x0000000750700000|100%| S|CS|TAMS 0x0000000750600000, 0x0000000750600000| Complete 
| 207|0x0000000750700000, 0x0000000750800000, 0x0000000750800000|100%| S|CS|TAMS 0x0000000750700000, 0x0000000750700000| Complete 
| 208|0x0000000750800000, 0x0000000750900000, 0x0000000750900000|100%| S|CS|TAMS 0x0000000750800000, 0x0000000750800000| Complete 
| 209|0x0000000750900000, 0x0000000750a00000, 0x0000000750a00000|100%| S|CS|TAMS 0x0000000750900000, 0x0000000750900000| Complete 
| 210|0x0000000750a00000, 0x0000000750b00000, 0x0000000750b00000|100%| S|CS|TAMS 0x0000000750a00000, 0x0000000750a00000| Complete 
| 211|0x0000000750b00000, 0x0000000750c00000, 0x0000000750c00000|100%| S|CS|TAMS 0x0000000750b00000, 0x0000000750b00000| Complete 
| 212|0x0000000750c00000, 0x0000000750d00000, 0x0000000750d00000|100%| S|CS|TAMS 0x0000000750c00000, 0x0000000750c00000| Complete 
| 213|0x0000000750d00000, 0x0000000750e00000, 0x0000000750e00000|100%| S|CS|TAMS 0x0000000750d00000, 0x0000000750d00000| Complete 
| 214|0x0000000750e00000, 0x0000000750f00000, 0x0000000750f00000|100%| S|CS|TAMS 0x0000000750e00000, 0x0000000750e00000| Complete 
| 215|0x0000000750f00000, 0x0000000751000000, 0x0000000751000000|100%| E|CS|TAMS 0x0000000750f00000, 0x0000000750f00000| Complete 
| 216|0x0000000751000000, 0x0000000751100000, 0x0000000751100000|100%| E|CS|TAMS 0x0000000751000000, 0x0000000751000000| Complete 
| 217|0x0000000751100000, 0x0000000751200000, 0x0000000751200000|100%| E|CS|TAMS 0x0000000751100000, 0x0000000751100000| Complete 
| 218|0x0000000751200000, 0x0000000751300000, 0x0000000751300000|100%| E|CS|TAMS 0x0000000751200000, 0x0000000751200000| Complete 
| 219|0x0000000751300000, 0x0000000751400000, 0x0000000751400000|100%| E|CS|TAMS 0x0000000751300000, 0x0000000751300000| Complete 
| 220|0x0000000751400000, 0x0000000751500000, 0x0000000751500000|100%| E|CS|TAMS 0x0000000751400000, 0x0000000751400000| Complete 
| 221|0x0000000751500000, 0x0000000751600000, 0x0000000751600000|100%| E|CS|TAMS 0x0000000751500000, 0x0000000751500000| Complete 
| 222|0x0000000751600000, 0x0000000751700000, 0x0000000751700000|100%| E|CS|TAMS 0x0000000751600000, 0x0000000751600000| Complete 
| 223|0x0000000751700000, 0x0000000751800000, 0x0000000751800000|100%| E|CS|TAMS 0x0000000751700000, 0x0000000751700000| Complete 
| 224|0x0000000751800000, 0x0000000751900000, 0x0000000751900000|100%| E|CS|TAMS 0x0000000751800000, 0x0000000751800000| Complete 
| 225|0x0000000751900000, 0x0000000751a00000, 0x0000000751a00000|100%| E|CS|TAMS 0x0000000751900000, 0x0000000751900000| Complete 
| 226|0x0000000751a00000, 0x0000000751b00000, 0x0000000751b00000|100%| E|CS|TAMS 0x0000000751a00000, 0x0000000751a00000| Complete 
| 227|0x0000000751b00000, 0x0000000751c00000, 0x0000000751c00000|100%| E|CS|TAMS 0x0000000751b00000, 0x0000000751b00000| Complete 

Card table byte_map: [0x000001f7ea9b0000,0x000001f7eafa0000] _byte_map_base: 0x000001f7e6f94000

Marking Bits (Prev, Next): (CMBitMap*) 0x000001f7d0a664d0, (CMBitMap*) 0x000001f7d0a66498
 Prev Bits: [0x000001f7ee4b0000, 0x000001f7f13d0000)
 Next Bits: [0x000001f7eb590000, 0x000001f7ee4b0000)

Polling page: 0x000001f7d0af0000

Metaspace:

Usage:
  Non-class:     60.08 MB capacity,    58.98 MB ( 98%) used,   893.84 KB (  1%) free+waste,   234.19 KB ( <1%) overhead. 
      Class:      9.24 MB capacity,     8.47 MB ( 92%) used,   668.31 KB (  7%) free+waste,   110.75 KB (  1%) overhead. 
       Both:     69.31 MB capacity,    67.45 MB ( 97%) used,     1.53 MB (  2%) free+waste,   344.94 KB ( <1%) overhead. 

Virtual space:
  Non-class space:       62.00 MB reserved,      60.17 MB ( 97%) committed 
      Class space:        1.00 GB reserved,       9.25 MB ( <1%) committed 
             Both:        1.06 GB reserved,      69.42 MB (  6%) committed 

Chunk freelists:
   Non-Class:  31.00 KB
       Class:  15.00 KB
        Both:  46.00 KB

MaxMetaspaceSize: 17179869184.00 GB
CompressedClassSpaceSize: 1.00 GB
Initial GC threshold: 20.80 MB
Current GC threshold: 98.46 MB
CDS: off

CodeHeap 'non-profiled nmethods': size=120000Kb used=3801Kb max_used=3801Kb free=116199Kb
 bounds [0x000001f7e2410000, 0x000001f7e27d0000, 0x000001f7e9940000]
CodeHeap 'profiled nmethods': size=120000Kb used=12289Kb max_used=12289Kb free=107710Kb
 bounds [0x000001f7daee0000, 0x000001f7dbaf0000, 0x000001f7e2410000]
CodeHeap 'non-nmethods': size=5760Kb used=1305Kb max_used=1359Kb free=4454Kb
 bounds [0x000001f7da940000, 0x000001f7dabb0000, 0x000001f7daee0000]
 total_blobs=5904 nmethods=5301 adapters=515
 compilation: enabled
              stopped_count=0, restarted_count=0
 full_count=0

Compilation events (20 events):
Event: 69.034 Thread 0x000001f7f47b9000 5328       3       sun.reflect.generics.parser.SignatureParser::parseIdentifier (13 bytes)
Event: 69.034 Thread 0x000001f7f47b9000 nmethod 5328 0x000001f7dbade310 code [0x000001f7dbade4e0, 0x000001f7dbade738]
Event: 69.053 Thread 0x000001f7f47b9000 5331       1       com.fasterxml.jackson.databind.JavaType::getRawClass (5 bytes)
Event: 69.054 Thread 0x000001f7f47b9000 nmethod 5331 0x000001f7e27c5990 code [0x000001f7e27c5b40, 0x000001f7e27c5bf8]
Event: 69.071 Thread 0x000001f7f47b9000 5332       3       java.security.Provider::checkInitialized (16 bytes)
Event: 69.071 Thread 0x000001f7f47b9000 nmethod 5332 0x000001f7dbade890 code [0x000001f7dbadea60, 0x000001f7dbadec68]
Event: 69.073 Thread 0x000001f7f47b9000 5333       3       java.io.StringReader::ensureOpen (18 bytes)
Event: 69.073 Thread 0x000001f7f47b9000 nmethod 5333 0x000001f7dbaded10 code [0x000001f7dbadeee0, 0x000001f7dbadf0e8]
Event: 69.076 Thread 0x000001f7f47b9000 5334       1       org.apache.tomcat.util.http.MimeHeaderField::getName (5 bytes)
Event: 69.076 Thread 0x000001f7f47b9000 nmethod 5334 0x000001f7e27c5c90 code [0x000001f7e27c5e40, 0x000001f7e27c5ef8]
Event: 69.077 Thread 0x000001f7f47b9000 5335       3       org.apache.tomcat.util.buf.Ascii::toLower (14 bytes)
Event: 69.078 Thread 0x000001f7f47b9000 nmethod 5335 0x000001f7dbadf190 code [0x000001f7dbadf340, 0x000001f7dbadf458]
Event: 69.078 Thread 0x000001f7f47b9000 5336       3       java.nio.Buffer::nextPutIndex (30 bytes)
Event: 69.079 Thread 0x000001f7f47b9000 nmethod 5336 0x000001f7dbadf510 code [0x000001f7dbadf6e0, 0x000001f7dbadf908]
Event: 69.079 Thread 0x000001f7f47b9000 5337       3       java.nio.HeapByteBuffer::put (16 bytes)
Event: 69.079 Thread 0x000001f7f47b9000 nmethod 5337 0x000001f7dbadfa10 code [0x000001f7dbadfbe0, 0x000001f7dbadff08]
Event: 69.079 Thread 0x000001f7f47b9000 5338       3       org.apache.tomcat.util.buf.AbstractChunk::getLength (10 bytes)
Event: 69.080 Thread 0x000001f7f47b9000 nmethod 5338 0x000001f7dbae0090 code [0x000001f7dbae0240, 0x000001f7dbae0338]
Event: 69.080 Thread 0x000001f7f47b9000 5340       3       jdk.internal.misc.Unsafe::weakCompareAndSetLong (11 bytes)
Event: 69.081 Thread 0x000001f7f47b9000 nmethod 5340 0x000001f7dbae0410 code [0x000001f7dbae05c0, 0x000001f7dbae06d8]

GC Heap History (14 events):
Event: 0.940 GC heap before
{Heap before GC invocations=0 (full 0):
 garbage-first heap   total 194560K, used 24576K [0x0000000743800000, 0x0000000800000000)
  region size 1024K, 24 young (24576K), 0 survivors (0K)
 Metaspace       used 11701K, capacity 11980K, committed 12288K, reserved 1060864K
  class space    used 1112K, capacity 1184K, committed 1280K, reserved 1048576K
}
Event: 0.946 GC heap after
{Heap after GC invocations=1 (full 0):
 garbage-first heap   total 194560K, used 6638K [0x0000000743800000, 0x0000000800000000)
  region size 1024K, 3 young (3072K), 3 survivors (3072K)
 Metaspace       used 11701K, capacity 11980K, committed 12288K, reserved 1060864K
  class space    used 1112K, capacity 1184K, committed 1280K, reserved 1048576K
}
Event: 1.879 GC heap before
{Heap before GC invocations=1 (full 0):
 garbage-first heap   total 194560K, used 51694K [0x0000000743800000, 0x0000000800000000)
  region size 1024K, 48 young (49152K), 3 survivors (3072K)
 Metaspace       used 20663K, capacity 21173K, committed 21296K, reserved 1069056K
  class space    used 2196K, capacity 2413K, committed 2432K, reserved 1048576K
}
Event: 1.890 GC heap after
{Heap after GC invocations=2 (full 0):
 garbage-first heap   total 194560K, used 8735K [0x0000000743800000, 0x0000000800000000)
  region size 1024K, 6 young (6144K), 6 survivors (6144K)
 Metaspace       used 20663K, capacity 21173K, committed 21296K, reserved 1069056K
  class space    used 2196K, capacity 2413K, committed 2432K, reserved 1048576K
}
Event: 2.555 GC heap before
{Heap before GC invocations=3 (full 0):
 garbage-first heap   total 194560K, used 53791K [0x0000000743800000, 0x0000000800000000)
  region size 1024K, 51 young (52224K), 6 survivors (6144K)
 Metaspace       used 25943K, capacity 26628K, committed 26928K, reserved 1073152K
  class space    used 2860K, capacity 3100K, committed 3200K, reserved 1048576K
}
Event: 2.562 GC heap after
{Heap after GC invocations=4 (full 0):
 garbage-first heap   total 194560K, used 10757K [0x0000000743800000, 0x0000000800000000)
  region size 1024K, 5 young (5120K), 5 survivors (5120K)
 Metaspace       used 25943K, capacity 26628K, committed 26928K, reserved 1073152K
  class space    used 2860K, capacity 3100K, committed 3200K, reserved 1048576K
}
Event: 3.934 GC heap before
{Heap before GC invocations=4 (full 0):
 garbage-first heap   total 194560K, used 79365K [0x0000000743800000, 0x0000000800000000)
  region size 1024K, 72 young (73728K), 5 survivors (5120K)
 Metaspace       used 32408K, capacity 33318K, committed 33456K, reserved 1079296K
  class space    used 3711K, capacity 4055K, committed 4096K, reserved 1048576K
}
Event: 3.943 GC heap after
{Heap after GC invocations=5 (full 0):
 garbage-first heap   total 194560K, used 13492K [0x0000000743800000, 0x0000000800000000)
  region size 1024K, 7 young (7168K), 7 survivors (7168K)
 Metaspace       used 32408K, capacity 33318K, committed 33456K, reserved 1079296K
  class space    used 3711K, capacity 4055K, committed 4096K, reserved 1048576K
}
Event: 4.693 GC heap before
{Heap before GC invocations=5 (full 0):
 garbage-first heap   total 194560K, used 28852K [0x0000000743800000, 0x0000000800000000)
  region size 1024K, 23 young (23552K), 7 survivors (7168K)
 Metaspace       used 34775K, capacity 35812K, committed 35888K, reserved 1081344K
  class space    used 4039K, capacity 4443K, committed 4480K, reserved 1048576K
}
Event: 4.709 GC heap after
{Heap after GC invocations=6 (full 0):
 garbage-first heap   total 233472K, used 14694K [0x0000000743800000, 0x0000000800000000)
  region size 1024K, 8 young (8192K), 8 survivors (8192K)
 Metaspace       used 34775K, capacity 35812K, committed 35888K, reserved 1081344K
  class space    used 4039K, capacity 4443K, committed 4480K, reserved 1048576K
}
Event: 7.983 GC heap before
{Heap before GC invocations=7 (full 0):
 garbage-first heap   total 233472K, used 140646K [0x0000000743800000, 0x0000000800000000)
  region size 1024K, 131 young (134144K), 8 survivors (8192K)
 Metaspace       used 57242K, capacity 58714K, committed 58928K, reserved 1099776K
  class space    used 7148K, capacity 7747K, committed 7808K, reserved 1048576K
}
Event: 8.016 GC heap after
{Heap after GC invocations=8 (full 0):
 garbage-first heap   total 233472K, used 21832K [0x0000000743800000, 0x0000000800000000)
  region size 1024K, 15 young (15360K), 15 survivors (15360K)
 Metaspace       used 57242K, capacity 58714K, committed 58928K, reserved 1099776K
  class space    used 7148K, capacity 7747K, committed 7808K, reserved 1048576K
}
Event: 8.332 GC heap before
{Heap before GC invocations=8 (full 0):
 garbage-first heap   total 233472K, used 34120K [0x0000000743800000, 0x0000000800000000)
  region size 1024K, 28 young (28672K), 15 survivors (15360K)
 Metaspace       used 58603K, capacity 60163K, committed 60240K, reserved 1101824K
  class space    used 7363K, capacity 8017K, committed 8064K, reserved 1048576K
}
Event: 8.361 GC heap after
{Heap after GC invocations=9 (full 0):
 garbage-first heap   total 233472K, used 22791K [0x0000000743800000, 0x0000000800000000)
  region size 1024K, 10 young (10240K), 10 survivors (10240K)
 Metaspace       used 58603K, capacity 60163K, committed 60240K, reserved 1101824K
  class space    used 7363K, capacity 8017K, committed 8064K, reserved 1048576K
}

Deoptimization events (20 events):
Event: 69.053 Thread 0x000001f7f6411000 Uncommon trap: trap_request=0xffffffde fr.pc=0x000001f7e279e188 relative=0x0000000000001808
Event: 69.053 Thread 0x000001f7f6411000 Uncommon trap: reason=class_check action=maybe_recompile pc=0x000001f7e279e188 method=java.util.concurrent.ConcurrentHashMap.putVal(Ljava/lang/Object;Ljava/lang/Object;Z)Ljava/lang/Object; @ 159 c2
Event: 69.053 Thread 0x000001f7f6411000 DEOPT PACKING pc=0x000001f7e279e188 sp=0x000000f306bfc3a0
Event: 69.053 Thread 0x000001f7f6411000 DEOPT UNPACKING pc=0x000001f7da98a1af sp=0x000000f306bfc340 mode 2
Event: 69.054 Thread 0x000001f7f6411000 Uncommon trap: trap_request=0xffffff4d fr.pc=0x000001f7e260d240 relative=0x00000000000000a0
Event: 69.054 Thread 0x000001f7f6411000 Uncommon trap: reason=unstable_if action=reinterpret pc=0x000001f7e260d240 method=java.lang.Integer.stringSize(I)I @ 3 c2
Event: 69.055 Thread 0x000001f7f6411000 DEOPT PACKING pc=0x000001f7e260d240 sp=0x000000f306bfc490
Event: 69.055 Thread 0x000001f7f6411000 DEOPT UNPACKING pc=0x000001f7da98a1af sp=0x000000f306bfc418 mode 2
Event: 69.055 Thread 0x000001f7f6411000 Uncommon trap: trap_request=0xffffff4d fr.pc=0x000001f7e260f9c4 relative=0x0000000000000284
Event: 69.055 Thread 0x000001f7f6411000 Uncommon trap: reason=unstable_if action=reinterpret pc=0x000001f7e260f9c4 method=java.lang.Integer.getChars(II[B)I @ 4 c2
Event: 69.055 Thread 0x000001f7f6411000 DEOPT PACKING pc=0x000001f7e260f9c4 sp=0x000000f306bfc470
Event: 69.055 Thread 0x000001f7f6411000 DEOPT UNPACKING pc=0x000001f7da98a1af sp=0x000000f306bfc400 mode 2
Event: 69.068 Thread 0x000001f7f6411000 Uncommon trap: trap_request=0xffffff4d fr.pc=0x000001f7e269b4f0 relative=0x0000000000001d10
Event: 69.068 Thread 0x000001f7f6411000 Uncommon trap: reason=unstable_if action=reinterpret pc=0x000001f7e269b4f0 method=java.net.URLStreamHandler.parseURL(Ljava/net/URL;Ljava/lang/String;II)V @ 155 c2
Event: 69.068 Thread 0x000001f7f6411000 DEOPT PACKING pc=0x000001f7e269b4f0 sp=0x000000f306bfc5e0
Event: 69.068 Thread 0x000001f7f6411000 DEOPT UNPACKING pc=0x000001f7da98a1af sp=0x000000f306bfc5d0 mode 2
Event: 69.068 Thread 0x000001f7f6411000 Uncommon trap: trap_request=0xffffff4d fr.pc=0x000001f7e24cbd60 relative=0x0000000000000a20
Event: 69.068 Thread 0x000001f7f6411000 Uncommon trap: reason=unstable_if action=reinterpret pc=0x000001f7e24cbd60 method=sun.net.util.IPAddressUtil.scan(Ljava/lang/String;JJ[C)I @ 14 c2
Event: 69.068 Thread 0x000001f7f6411000 DEOPT PACKING pc=0x000001f7e24cbd60 sp=0x000000f306bfc510
Event: 69.068 Thread 0x000001f7f6411000 DEOPT UNPACKING pc=0x000001f7da98a1af sp=0x000000f306bfc3e0 mode 2

Classes redefined (0 events):
No events

Internal exceptions (20 events):
Event: 8.718 Thread 0x000001f7f5190000 Exception <a 'java/lang/ClassNotFoundException'{0x0000000750144768}: org/springframework/beans/factory/BeanClassLoaderAwareCustomizer> (0x0000000750144768) thrown at [./src/hotspot/share/classfile/systemDictionary.cpp, line 230]
Event: 8.719 Thread 0x000001f7f5190000 Exception <a 'java/lang/ClassNotFoundException'{0x0000000750154038}: org/springframework/beans/factory/AwareCustomizer> (0x0000000750154038) thrown at [./src/hotspot/share/classfile/systemDictionary.cpp, line 230]
Event: 8.810 Thread 0x000001f7f5190000 Implicit null exception at 0x000001f7e250f5dd to 0x000001f7e250f696
Event: 8.981 Thread 0x000001f7f5190000 Exception <a 'java/lang/ClassNotFoundException'{0x000000074f43b410}: java/lang/ObjectCustomizer> (0x000000074f43b410) thrown at [./src/hotspot/share/classfile/systemDictionary.cpp, line 230]
Event: 8.982 Thread 0x000001f7f5190000 Exception <a 'java/lang/ClassNotFoundException'{0x000000074f453d20}: org/springframework/security/config/annotation/web/configuration/HttpSecurityConfigurationCustomizer> (0x000000074f453d20) thrown at [./src/hotspot/share/classfile/systemDictionary.cpp, line 230]
Event: 9.225 Thread 0x000001f7f5190000 Exception <a 'java/lang/NoSuchMethodError'{0x000000074eca9798}: 'void java.lang.invoke.DirectMethodHandle$Holder.invokeVirtual(java.lang.Object, java.lang.Object, int)'> (0x000000074eca9798) thrown at [./src/hotspot/share/interpreter/linkResolver.cpp, line 773]
Event: 9.232 Thread 0x000001f7f5190000 Exception <a 'java/lang/NoSuchMethodError'{0x000000074ecc3360}: 'void java.lang.invoke.DirectMethodHandle$Holder.invokeVirtual(java.lang.Object, java.lang.Object, long)'> (0x000000074ecc3360) thrown at [./src/hotspot/share/interpreter/linkResolver.cpp, line 773]
Event: 9.430 Thread 0x000001f7f5190000 Exception <a 'java/lang/IncompatibleClassChangeError'{0x000000074e32fe30}: Found class java.lang.Object, but interface was expected> (0x000000074e32fe30) thrown at [./src/hotspot/share/interpreter/linkResolver.cpp, line 839]
Event: 9.479 Thread 0x000001f7f5190000 Exception <a 'java/lang/NoSuchMethodError'{0x000000074e13a1a0}: 'int java.lang.invoke.DirectMethodHandle$Holder.invokeStaticInit(java.lang.Object, java.lang.Object, java.lang.Object, java.lang.Object)'> (0x000000074e13a1a0) thrown at [./src/hotspot/share/interpreter/linkResolver.cpp, line 773]
Event: 9.526 Thread 0x000001f7f5190000 Implicit null exception at 0x000001f7e254bcda to 0x000001f7e254bf14
Event: 9.645 Thread 0x000001f7f5190000 Exception <a 'java/lang/NoSuchMethodError'{0x000000074db89898}: 'java.lang.Object java.lang.invoke.DirectMethodHandle$Holder.invokeSpecial(java.lang.Object, java.lang.Object, int, java.lang.Object, int, java.lang.Object)'> (0x000000074db89898) thrown at [./src/hotspot/share/interpreter/linkResolver.cpp, line 773]
Event: 9.646 Thread 0x000001f7f5190000 Exception <a 'java/lang/NoSuchMethodError'{0x000000074db91028}: 'java.lang.Object java.lang.invoke.DirectMethodHandle$Holder.invokeStatic(java.lang.Object, java.lang.Object, int, java.lang.Object, int)'> (0x000000074db91028) thrown at [./src/hotspot/share/interpreter/linkResolver.cpp, line 773]
Event: 9.646 Thread 0x000001f7f5190000 Exception <a 'java/lang/NoSuchMethodError'{0x000000074db94808}: 'java.lang.Object java.lang.invoke.DirectMethodHandle$Holder.invokeSpecial(java.lang.Object, java.lang.Object, java.lang.Object, int, java.lang.Object, int)'> (0x000000074db94808) thrown at [./src/hotspot/share/interpreter/linkResolver.cpp, line 773]
Event: 9.648 Thread 0x000001f7f5190000 Exception <a 'java/lang/NoSuchMethodError'{0x000000074db9f9a0}: 'void java.lang.invoke.DirectMethodHandle$Holder.invokeVirtual(java.lang.Object, java.lang.Object)'> (0x000000074db9f9a0) thrown at [./src/hotspot/share/interpreter/linkResolver.cpp, line 773]
Event: 9.769 Thread 0x000001f7f5190000 Exception <a 'java/lang/ClassNotFoundException'{0x000000074d302018}: java/lang/ObjectCustomizer> (0x000000074d302018) thrown at [./src/hotspot/share/classfile/systemDictionary.cpp, line 230]
Event: 9.771 Thread 0x000001f7f5190000 Exception <a 'java/lang/ClassNotFoundException'{0x000000074d317b48}: com/backendstartproject/BackendStartprojekt0/model/RoleCustomizer> (0x000000074d317b48) thrown at [./src/hotspot/share/classfile/systemDictionary.cpp, line 230]
Event: 10.081 Thread 0x000001f7f5190000 Exception <a 'java/lang/ClassNotFoundException'{0x000000074cf69b48}: java/lang/ObjectCustomizer> (0x000000074cf69b48) thrown at [./src/hotspot/share/classfile/systemDictionary.cpp, line 230]
Event: 10.082 Thread 0x000001f7f5190000 Exception <a 'java/lang/ClassNotFoundException'{0x000000074cf7f678}: com/backendstartproject/BackendStartprojekt0/model/UserCustomizer> (0x000000074cf7f678) thrown at [./src/hotspot/share/classfile/systemDictionary.cpp, line 230]
Event: 10.573 Thread 0x000001f7f5190000 Exception <a 'java/lang/NoSuchMethodError'{0x000000074c7b43d0}: 'java.lang.Object java.lang.invoke.DirectMethodHandle$Holder.invokeStaticInit(java.lang.Object, java.lang.Object, java.lang.Object, java.lang.Object, java.lang.Object, java.lang.Object)'> (0x000000074c7b43d0) thrown at [./src/hotspot/share/interpreter/linkResolver.cpp, line 773]
Event: 69.060 Thread 0x000001f7f6411000 Exception <a 'sun/nio/fs/WindowsException'{0x000000074ba3b258}> (0x000000074ba3b258) thrown at [./src/hotspot/share/prims/jni.cpp, line 617]

Events (20 events):
Event: 69.069 loading class javax/crypto/JceSecurity$2
Event: 69.069 loading class javax/crypto/JceSecurity$2 done
Event: 69.069 loading class javax/crypto/ProviderVerifier
Event: 69.069 loading class javax/crypto/ProviderVerifier done
Event: 69.069 loading class javax/crypto/spec/SecretKeySpec
Event: 69.070 loading class javax/crypto/SecretKey
Event: 69.070 loading class javax/crypto/SecretKey done
Event: 69.070 loading class javax/crypto/spec/SecretKeySpec done
Event: 69.070 loading class com/sun/crypto/provider/HmacCore$HmacSHA256
Event: 69.070 loading class com/sun/crypto/provider/HmacCore
Event: 69.070 loading class javax/crypto/MacSpi
Event: 69.071 loading class javax/crypto/MacSpi done
Event: 69.071 loading class com/sun/crypto/provider/HmacCore done
Event: 69.071 loading class com/sun/crypto/provider/HmacCore$HmacSHA256 done
Event: 69.072 loading class org/apache/tomcat/util/http/parser/MediaType
Event: 69.072 loading class org/apache/tomcat/util/http/parser/MediaType done
Event: 69.076 loading class org/apache/tomcat/util/buf/HexUtils
Event: 69.076 loading class org/apache/tomcat/util/buf/HexUtils done
Event: 69.077 loading class org/apache/coyote/http11/Constants
Event: 69.077 loading class org/apache/coyote/http11/Constants done


Dynamic libraries:
0x00007ff7f4e60000 - 0x00007ff7f4e6d000 	C:\Users\49151\.jdks\corretto-11.0.16\bin\java.exe
0x00007ffcce3d0000 - 0x00007ffcce5c8000 	C:\Windows\SYSTEM32\ntdll.dll
0x00007ffcce2d0000 - 0x00007ffcce38d000 	C:\Windows\System32\KERNEL32.DLL
0x00007ffccbeb0000 - 0x00007ffccc17e000 	C:\Windows\System32\KERNELBASE.dll
0x00007ffccc300000 - 0x00007ffccc400000 	C:\Windows\System32\ucrtbase.dll
0x00007ffcbaaf0000 - 0x00007ffcbab07000 	C:\Users\49151\.jdks\corretto-11.0.16\bin\jli.dll
0x00007ffcbaad0000 - 0x00007ffcbaae9000 	C:\Users\49151\.jdks\corretto-11.0.16\bin\VCRUNTIME140.dll
0x00007ffcccc70000 - 0x00007ffccce10000 	C:\Windows\System32\USER32.dll
0x00007ffcb6610000 - 0x00007ffcb68aa000 	C:\Windows\WinSxS\amd64_microsoft.windows.common-controls_6595b64144ccf1df_6.0.19041.1110_none_60b5254171f9507e\COMCTL32.dll
0x00007ffccbb60000 - 0x00007ffccbb82000 	C:\Windows\System32\win32u.dll
0x00007ffcccef0000 - 0x00007ffcccf8e000 	C:\Windows\System32\msvcrt.dll
0x00007ffccd380000 - 0x00007ffccd3aa000 	C:\Windows\System32\GDI32.dll
0x00007ffccbda0000 - 0x00007ffccbeab000 	C:\Windows\System32\gdi32full.dll
0x00007ffccc210000 - 0x00007ffccc2ad000 	C:\Windows\System32\msvcp_win.dll
0x00007ffcce080000 - 0x00007ffcce0b0000 	C:\Windows\System32\IMM32.DLL
0x00007ffcba070000 - 0x00007ffcba10b000 	C:\Users\49151\.jdks\corretto-11.0.16\bin\msvcp140.dll
0x00007ffc86890000 - 0x00007ffc87414000 	C:\Users\49151\.jdks\corretto-11.0.16\bin\server\jvm.dll
0x00007ffccca10000 - 0x00007ffcccabe000 	C:\Windows\System32\ADVAPI32.dll
0x00007ffcccb20000 - 0x00007ffcccbbc000 	C:\Windows\System32\sechost.dll
0x00007ffcce0b0000 - 0x00007ffcce1d5000 	C:\Windows\System32\RPCRT4.dll
0x00007ffccca00000 - 0x00007ffccca08000 	C:\Windows\System32\PSAPI.DLL
0x00007ffcc5880000 - 0x00007ffcc5889000 	C:\Windows\SYSTEM32\WSOCK32.dll
0x00007ffcbe2a0000 - 0x00007ffcbe2aa000 	C:\Windows\SYSTEM32\VERSION.dll
0x00007ffcce260000 - 0x00007ffcce2cb000 	C:\Windows\System32\WS2_32.dll
0x00007ffcbc3a0000 - 0x00007ffcbc3c7000 	C:\Windows\SYSTEM32\WINMM.dll
0x00007ffcca390000 - 0x00007ffcca3a2000 	C:\Windows\SYSTEM32\kernel.appcore.dll
0x00007ffcbaac0000 - 0x00007ffcbaad0000 	C:\Users\49151\.jdks\corretto-11.0.16\bin\verify.dll
0x00007ffcc9070000 - 0x00007ffcc9254000 	C:\Windows\SYSTEM32\DBGHELP.DLL
0x00007ffcb7450000 - 0x00007ffcb747c000 	C:\Windows\SYSTEM32\dbgcore.DLL
0x00007ffccc180000 - 0x00007ffccc202000 	C:\Windows\System32\bcryptPrimitives.dll
0x00007ffcba9e0000 - 0x00007ffcbaa08000 	C:\Users\49151\.jdks\corretto-11.0.16\bin\java.dll
0x00007ffcbaab0000 - 0x00007ffcbaaba000 	C:\Users\49151\.jdks\corretto-11.0.16\bin\jimage.dll
0x00007ffcc8d20000 - 0x00007ffcc8d2e000 	C:\Users\49151\.jdks\corretto-11.0.16\bin\instrument.dll
0x00007ffcc57e0000 - 0x00007ffcc57f8000 	C:\Users\49151\.jdks\corretto-11.0.16\bin\zip.dll
0x00007ffccd3c0000 - 0x00007ffccdb04000 	C:\Windows\System32\SHELL32.dll
0x00007ffcc9b60000 - 0x00007ffcca2f4000 	C:\Windows\SYSTEM32\windows.storage.dll
0x00007ffccc6a0000 - 0x00007ffccc9f4000 	C:\Windows\System32\combase.dll
0x00007ffccb400000 - 0x00007ffccb430000 	C:\Windows\SYSTEM32\Wldp.dll
0x00007ffcccbc0000 - 0x00007ffcccc6d000 	C:\Windows\System32\SHCORE.dll
0x00007ffccdba0000 - 0x00007ffccdbf5000 	C:\Windows\System32\shlwapi.dll
0x00007ffccba30000 - 0x00007ffccba4f000 	C:\Windows\SYSTEM32\profapi.dll
0x00007ffcc4e70000 - 0x00007ffcc4e89000 	C:\Users\49151\.jdks\corretto-11.0.16\bin\net.dll
0x00007ffcc4d60000 - 0x00007ffcc4e6a000 	C:\Windows\SYSTEM32\WINHTTP.dll
0x00007ffccb1e0000 - 0x00007ffccb24a000 	C:\Windows\system32\mswsock.dll
0x00007ffcc26a0000 - 0x00007ffcc26b3000 	C:\Users\49151\.jdks\corretto-11.0.16\bin\nio.dll
0x00007ffcc2520000 - 0x00007ffcc253a000 	C:\Program Files\JetBrains\IntelliJ IDEA Community Edition 2022.2\bin\breakgen64.dll
0x00007ffcc71a0000 - 0x00007ffcc71a9000 	C:\Users\49151\.jdks\corretto-11.0.16\bin\management.dll
0x00007ffcc7150000 - 0x00007ffcc715b000 	C:\Users\49151\.jdks\corretto-11.0.16\bin\management_ext.dll
0x00007ffcbe1c0000 - 0x00007ffcbe1d7000 	C:\Windows\system32\napinsp.dll
0x00007ffcb45b0000 - 0x00007ffcb45cb000 	C:\Windows\system32\pnrpnsp.dll
0x00007ffcc6080000 - 0x00007ffcc6095000 	C:\Windows\system32\wshbth.dll
0x00007ffcc6ec0000 - 0x00007ffcc6edd000 	C:\Windows\system32\NLAapi.dll
0x00007ffccaef0000 - 0x00007ffccaf2b000 	C:\Windows\SYSTEM32\IPHLPAPI.DLL
0x00007ffccaf30000 - 0x00007ffccaffb000 	C:\Windows\SYSTEM32\DNSAPI.dll
0x00007ffccd3b0000 - 0x00007ffccd3b8000 	C:\Windows\System32\NSI.dll
0x00007ffcb3790000 - 0x00007ffcb37a2000 	C:\Windows\System32\winrnr.dll
0x00007ffcc3dc0000 - 0x00007ffcc3dca000 	C:\Windows\System32\rasadhlp.dll
0x00007ffcc3510000 - 0x00007ffcc3590000 	C:\Windows\System32\fwpuclnt.dll
0x00007ffccc400000 - 0x00007ffccc427000 	C:\Windows\System32\bcrypt.dll
0x00007ffccb730000 - 0x00007ffccb748000 	C:\Windows\SYSTEM32\CRYPTSP.dll
0x00007ffccab80000 - 0x00007ffccabb4000 	C:\Windows\system32\rsaenh.dll
0x00007ffccb9b0000 - 0x00007ffccb9de000 	C:\Windows\SYSTEM32\USERENV.dll
0x00007ffccb370000 - 0x00007ffccb37c000 	C:\Windows\SYSTEM32\CRYPTBASE.dll
0x00007ffcc3dd0000 - 0x00007ffcc3de7000 	C:\Windows\SYSTEM32\dhcpcsvc6.DLL
0x00007ffcc3da0000 - 0x00007ffcc3dbd000 	C:\Windows\SYSTEM32\dhcpcsvc.DLL
0x00007ffcc26d0000 - 0x00007ffcc26f5000 	C:\Users\49151\.jdks\corretto-11.0.16\bin\sunec.dll
0x00007ffcc6010000 - 0x00007ffcc601e000 	C:\Users\49151\.jdks\corretto-11.0.16\bin\sunmscapi.dll
0x00007ffccbc40000 - 0x00007ffccbd96000 	C:\Windows\System32\CRYPT32.dll
0x00007ffccb470000 - 0x00007ffccb497000 	C:\Windows\SYSTEM32\ncrypt.dll
0x00007ffccb430000 - 0x00007ffccb46b000 	C:\Windows\SYSTEM32\NTASN1.dll

dbghelp: loaded successfully - version: 4.0.5 - missing functions: none
symbol engine: initialized successfully - sym options: 0x614 - pdb path: .;C:\Users\49151\.jdks\corretto-11.0.16\bin;C:\Windows\SYSTEM32;C:\Windows\WinSxS\amd64_microsoft.windows.common-controls_6595b64144ccf1df_6.0.19041.1110_none_60b5254171f9507e;C:\Users\49151\.jdks\corretto-11.0.16\bin\server;C:\Program Files\JetBrains\IntelliJ IDEA Community Edition 2022.2\bin

VM Arguments:
jvm_args: -javaagent:C:\Program Files\JetBrains\IntelliJ IDEA Community Edition 2022.2\lib\idea_rt.jar=57741:C:\Program Files\JetBrains\IntelliJ IDEA Community Edition 2022.2\bin -Dfile.encoding=UTF-8 
java_command: com.backendstartproject.BackendStartprojekt0.BackendStartprojekt0Application
java_class_path (initial): C:\Users\49151\Desktop\Backend-Startprojekt-0\target\classes;C:\Users\49151\.m2\repository\org\springframework\boot\spring-boot-starter-data-jpa\2.6.10\spring-boot-starter-data-jpa-2.6.10.jar;C:\Users\49151\.m2\repository\org\springframework\boot\spring-boot-starter-aop\2.6.10\spring-boot-starter-aop-2.6.10.jar;C:\Users\49151\.m2\repository\org\aspectj\aspectjweaver\1.9.7\aspectjweaver-1.9.7.jar;C:\Users\49151\.m2\repository\org\springframework\boot\spring-boot-starter-jdbc\2.6.10\spring-boot-starter-jdbc-2.6.10.jar;C:\Users\49151\.m2\repository\com\zaxxer\HikariCP\4.0.3\HikariCP-4.0.3.jar;C:\Users\49151\.m2\repository\org\springframework\spring-jdbc\5.3.22\spring-jdbc-5.3.22.jar;C:\Users\49151\.m2\repository\jakarta\transaction\jakarta.transaction-api\1.3.3\jakarta.transaction-api-1.3.3.jar;C:\Users\49151\.m2\repository\jakarta\persistence\jakarta.persistence-api\2.2.3\jakarta.persistence-api-2.2.3.jar;C:\Users\49151\.m2\repository\org\hibernate\hibernate-core\5.6.10.Final\hibernate-core-5.6.10.Final.jar;C:\Users\49151\.m2\repository\org\jboss\logging\jboss-logging\3.4.3.Final\jboss-logging-3.4.3.Final.jar;C:\Users\49151\.m2\repository\net\bytebuddy\byte-buddy\1.11.22\byte-buddy-1.11.22.jar;C:\Users\49151\.m2\repository\antlr\antlr\2.7.7\antlr-2.7.7.jar;C:\Users\49151\.m2\repository\org\jboss\jandex\2.4.2.Final\jandex-2.4.2.Final.jar;C:\Users\49151\.m2\repository\com\fasterxml\classmate\1.5.1\classmate-1.5.1.jar;C:\Users\49151\.m2\repository\org\hibernate\common\hibernate-commons-annotations\5.1.2.Final\hibernate-commons-annotations-5.1.2.Final.jar;C:\Users\49151\.m2\repository\org\glassfish\jaxb\jaxb-runtime\2.3.6\jaxb-runtime-2.3.6.jar;C:\Users\49151\.m2\repository\org\glassfish\jaxb\txw2\2.3.6\txw2-2.3.6.jar;C:\Users\49151\.m2\repository\com\sun\istack\istack-commons-runtime\3.0.12\istack-commons-runtime-3.0.12.jar;C:\Users\49151\.m2\repository\com\sun\activation\jakarta.activation\1.2.2\jakarta.activation-1.2.2.jar;C:\Users\49151\.m
Launcher Type: SUN_STANDARD

[Global flags]
     intx CICompilerCount                          = 4                                         {product} {ergonomic}
     uint ConcGCThreads                            = 2                                         {product} {ergonomic}
     uint G1ConcRefinementThreads                  = 8                                         {product} {ergonomic}
   size_t G1HeapRegionSize                         = 1048576                                   {product} {ergonomic}
    uintx GCDrainStackTargetSize                   = 64                                        {product} {ergonomic}
   size_t InitialHeapSize                          = 199229440                                 {product} {ergonomic}
   size_t MarkStackSize                            = 4194304                                   {product} {ergonomic}
   size_t MaxHeapSize                              = 3162505216                                {product} {ergonomic}
   size_t MaxNewSize                               = 1896873984                                {product} {ergonomic}
   size_t MinHeapDeltaBytes                        = 1048576                                   {product} {ergonomic}
    uintx NonNMethodCodeHeapSize                   = 5836300                                {pd product} {ergonomic}
    uintx NonProfiledCodeHeapSize                  = 122910970                              {pd product} {ergonomic}
    uintx ProfiledCodeHeapSize                     = 122910970                              {pd product} {ergonomic}
    uintx ReservedCodeCacheSize                    = 251658240                              {pd product} {ergonomic}
     bool SegmentedCodeCache                       = true                                      {product} {ergonomic}
     bool UseCompressedClassPointers               = true                                 {lp64_product} {ergonomic}
     bool UseCompressedOops                        = true                                 {lp64_product} {ergonomic}
     bool UseG1GC                                  = true                                      {product} {ergonomic}
     bool UseLargePagesIndividualAllocation        = false                                  {pd product} {ergonomic}

Logging:
Log output configuration:
 #0: stdout all=warning uptime,level,tags
 #1: stderr all=off uptime,level,tags

Environment Variables:
JAVA_HOME=C:\Program Files\Eclipse Foundation\jdk-8.0.302.8-hotspot
CLASSPATH=.;%CLASSPATH%
PATH=C:\Program Files\Common Files\Oracle\Java\javapath;C:\Windows\system32;C:\Windows;C:\Windows\System32\Wbem;C:\Windows\System32\WindowsPowerShell\v1.0\;C:\Windows\System32\OpenSSH\;C:\Program Files\Microsoft SQL Server\Client SDK\ODBC\170\Tools\Binn\;C:\Program Files (x86)\Microsoft SQL Server\150\Tools\Binn\;C:\Program Files\Microsoft SQL Server\150\Tools\Binn\;C:\Program Files\Microsoft SQL Server\150\DTS\Binn\;C:\Program Files\dotnet\;C:\Program Files\Microsoft SQL Server\130\Tools\Binn\;C:\Program Files\nodejs\;C:\ProgramData\chocolatey\bin;C:\Users\49151\AppData\Local\Microsoft\WindowsApps;;C:\Users\49151\AppData\Local\Programs\Microsoft VS Code\bin;C:\Program Files\JetBrains\IntelliJ IDEA Community Edition 2022.2\bin;;C:\Users\49151\.dotnet\tools;C:\Program Files\JetBrains\PyCharm 2022.1\bin;;C:\Users\49151\AppData\Roaming\npm
USERNAME=49151
OS=Windows_NT
PROCESSOR_IDENTIFIER=Intel64 Family 6 Model 42 Stepping 7, GenuineIntel
TMP=C:\Users\49151\AppData\Local\Temp
TEMP=C:\Users\49151\AppData\Local\Temp



---------------  S Y S T E M  ---------------

OS: Windows 10 , 64 bit Build 19041 (10.0.19041.1806)
OS uptime: 0 days 3:45 hours
Hyper-V role detected

CPU:total 8 (initial active 8) (4 cores per cpu, 2 threads per core) family 6 model 42 stepping 7 microcode 0x2f, cmov, cx8, fxsr, mmx, sse, sse2, sse3, ssse3, sse4.1, sse4.2, popcnt, avx, aes, clmul, ht, tsc, tscinvbit

Memory: 4k page, system-wide physical 12063M (719M free)
TotalPageFile size 12063M (AvailPageFile size 5M)
current process WorkingSet (physical memory assigned to process): 337M, peak: 389M
current process commit charge ("private bytes"): 451M, peak: 501M

vm_info: OpenJDK 64-Bit Server VM (11.0.16+8-LTS) for windows-amd64 JRE (11.0.16+8-LTS), built on Jul 17 2022 01:39:49 by "Administrator" with MS VC++ 15.9 (VS2017)

END.
